[96mСКРИПТ ВСТАНОВЛЕННЯ ЗАПУЩЕНО...[0m
[96mСКРИПТ ВСТАНОВЛЕННЯ ЗАПУЩЕНО...[0m
[96mСКРИПТ ВСТАНОВЛЕННЯ ЗАПУЩЕНО...[0m
[96mСКРИПТ ВСТАНОВЛЕННЯ ЗАПУЩЕНО...[0m
[33m  1. [36mВидалити необов'язкові пакети на Raspberry? (Y/n)? [m[96mСКРИПТ ВСТАНОВЛЕННЯ ЗАПУЩЕНО...[0m
[33m  1. [36mВидалити необов'язкові пакети на Raspberry? (Y/n)? [m[96mСКРИПТ ВСТАНОВЛЕННЯ ЗАПУЩЕНО...[0m
[33m  1. [36mВидалити необов'язкові пакети на Raspberry? (Y/n)? [m[96mСКРИПТ ВСТАНОВЛЕННЯ ЗАПУЩЕНО...[0m
[33m  1. [36mВидалити необов'язкові пакети на Raspberry? (Y/n)? [m[96mСКРИПТ ВСТАНОВЛЕННЯ ЗАПУЩЕНО...[0m
[33m  1. [36mВидалити необов'язкові пакети на Raspberry? (Y/n)? [m[96mСКРИПТ ВСТАНОВЛЕННЯ ЗАПУЩЕНО...[0m
[33m  1. [36mВидалити необов'язкові пакети на Raspberry? (Y/n)? [m[96mСКРИПТ ВСТАНОВЛЕННЯ ЗАПУЩЕНО...[0m
[33m  1. [36mВидалити необов'язкові пакети на Raspberry? (Y/n)? [m[96mСКРИПТ ВСТАНОВЛЕННЯ ЗАПУЩЕНО...[0m
[33m  1. [36mВидалити необов'язкові пакети на Raspberry? (Y/n)? [m[96mСКРИПТ ВСТАНОВЛЕННЯ ЗАПУЩЕНО...[0m
[33m  1. [36mВидалити необов'язкові пакети на Raspberry? (Y/n)? [m[96mСКРИПТ ВСТАНОВЛЕННЯ ЗАПУЩЕНО...[0m
[33m  1. [36mВидалити необов'язкові пакети на Raspberry? (Y/n)? [m[96mСКРИПТ ВСТАНОВЛЕННЯ ЗАПУЩЕНО...[0m
[96mСКРИПТ ВСТАНОВЛЕННЯ ЗАПУЩЕНО...[0m
[96mСКРИПТ ВСТАНОВЛЕННЯ ЗАПУЩЕНО...[0m
[96mСКРИПТ ВСТАНОВЛЕННЯ ЗАПУЩЕНО...[0m
[96mСКРИПТ ВСТАНОВЛЕННЯ ЗАПУЩЕНО...[0m
[96mСКРИПТ ВСТАНОВЛЕННЯ ЗАПУЩЕНО...[0m
[96mСКРИПТ ВСТАНОВЛЕННЯ ЗАПУЩЕНО...[0m
[96mСКРИПТ ВСТАНОВЛЕННЯ ЗАПУЩЕНО...[0m
screensaver via lightdm already disabled
[96mСКРИПТ ВСТАНОВЛЕННЯ ЗАПУЩЕНО...[0m
[33m  1. [36mВидалити необов'язкові пакети на Raspberry? (Y/n)? [m
[96mСКРИПТ ВСТАНОВЛЕННЯ ЗАПУЩЕНО...[0m
[33m  1. [36mВидалити необов'язкові пакети на Raspberry? (Y/n)? [m[01;96mСКРИПТ ВСТАНОВЛЕННЯ ЗАПУЩЕНО...[0m

[33m  1. [36mВидалити необов'язкові пакети на Raspberry? (Y/n)? [01;31m[01;96mСКРИПТ ВСТАНОВЛЕННЯ ЗАПУЩЕНО...[0m

[33m  1. [36mВидалити необов'язкові пакети на Raspberry? (Y/n)? [01;31m[01;96mСКРИПТ ВСТАНОВЛЕННЯ ЗАПУЩЕНО...[m
[33m  1. [36mВидалити необов'язкові пакети на Raspberry? (Y/n)? [01;31m[01;96mСКРИПТ ВСТАНОВЛЕННЯ ЗАПУЩЕНО...[m
[33m  1. [36mВидалити необов'язкові пакети на Raspberry? (Y/n)? [01;31m[01;96mСКРИПТ ВСТАНОВЛЕННЯ ЗАПУЩЕНО...[m
[33m  1. [36mВидалити необов'язкові пакети на Raspberry? (Y/n)? [01;31m[01;96mСКРИПТ ВСТАНОВЛЕННЯ ЗАПУЩЕНО...[m
[00;33m  1. [00;36mВидалити необов'язкові пакети на Raspberry? (Y/n)? [01;31m[01;96mСКРИПТ ВСТАНОВЛЕННЯ ЗАПУЩЕНО...[m
[00;33m  1. [00;36mВидалити необов'язкові пакети на Raspberry? (Y/n)? [01;31mscreensaver via lightdm already disabled
